<?xml version="1.0" encoding="UTF-8"?>
<testExecutions version="1">
  <file path="/opt/workspace/src/tests/app.test.ts">
    <testCase name="shows proper heading when rendered" duration="50"/>
    <testCase name="changes button text on click" duration="9"/>
  </file>
</testExecutions>